Using pre-set license

 COMMAND LINE ARGUMENTS:
/Applications/Unity/Hub/Editor/2020.3.7f1/Unity.app/Contents/MacOS/Unity
-adb2
-batchMode
-noUpm
-name
AssetImportWorker0
-projectPath
/Users/mr14/Documents/GitHub/2021_360VR/New Unity Project
-logFile
Logs/AssetImportWorker0.log
-srvPort
51017
Successfully changed project path to: /Users/mr14/Documents/GitHub/2021_360VR/New Unity Project
/Users/mr14/Documents/GitHub/2021_360VR/New Unity Project
Using Asset Import Pipeline V2.
Refreshing native plugins compatible for Editor in 30.02 ms, found 1 plugins.
Preloading 0 native plugins for Editor in 0.00 ms.
Initialize engine version: 2020.3.7f1 (dd97f2c94397)
[Subsystems] Discovering subsystems at path /Applications/Unity/Hub/Editor/2020.3.7f1/Unity.app/Contents/Resources/UnitySubsystems
[Subsystems] Discovering subsystems at path /Users/mr14/Documents/GitHub/2021_360VR/New Unity Project/Assets
GfxDevice: creating device client; threaded=0
2021-07-09 10:53:23.196 Unity[5276:122818] LG UltraFine preferred device: AMD Radeon Pro W5700X (high power)
2021-07-09 10:53:23.196 Unity[5276:122818] Metal devices available: 1
2021-07-09 10:53:23.196 Unity[5276:122818] 0: AMD Radeon Pro W5700X (high power)
2021-07-09 10:53:23.197 Unity[5276:122818] Using device AMD Radeon Pro W5700X (high power)
Initializing Metal device caps: AMD Radeon Pro W5700X
Initialize mono
Mono path[0] = '/Applications/Unity/Hub/Editor/2020.3.7f1/Unity.app/Contents/Managed'
Mono path[1] = '/Applications/Unity/Hub/Editor/2020.3.7f1/Unity.app/Contents/MonoBleedingEdge/lib/mono/unityjit'
Mono config path = '/Applications/Unity/Hub/Editor/2020.3.7f1/Unity.app/Contents/MonoBleedingEdge/etc'
Using monoOptions --debugger-agent=transport=dt_socket,embedding=1,server=y,suspend=n,address=127.0.0.1:56276
Begin MonoManager ReloadAssembly
Registering precompiled unity dll's ...
Register platform support module: /Applications/Unity/Hub/Editor/2020.3.7f1/PlaybackEngines/WebGLSupport/UnityEditor.WebGL.Extensions.dll
Register platform support module: /Applications/Unity/Hub/Editor/2020.3.7f1/Unity.app/Contents/PlaybackEngines/MacStandaloneSupport/UnityEditor.OSXStandalone.Extensions.dll
Registered in 0.000686 seconds.
Native extension for OSXStandalone target not found
Native extension for WebGL target not found
Refreshing native plugins compatible for Editor in 30.04 ms, found 1 plugins.
Preloading 0 native plugins for Editor in 0.00 ms.
Mono: successfully reloaded assembly
- Completed reload, in  2.713 seconds
Platform modules already initialized, skipping
Registering precompiled user dll's ...
Registered in 0.000944 seconds.
Begin MonoManager ReloadAssembly
Native extension for OSXStandalone target not found
Native extension for WebGL target not found
Refreshing native plugins compatible for Editor in 30.42 ms, found 1 plugins.
Preloading 0 native plugins for Editor in 0.00 ms.
Mono: successfully reloaded assembly
- Completed reload, in  1.056 seconds
Platform modules already initialized, skipping
========================================================================
Worker process is ready to serve import requests
Launching external process: /Applications/Unity/Hub/Editor/2020.3.7f1/Unity.app/Contents/Tools/UnityShaderCompiler
Launched and connected shader compiler UnityShaderCompiler after 0.01 seconds
Refreshing native plugins compatible for Editor in 0.41 ms, found 1 plugins.
Preloading 0 native plugins for Editor in 0.00 ms.
Unloading 1653 Unused Serialized files (Serialized files now loaded: 0)
System memory in use before: 137.4 MB.
System memory in use after: 137.5 MB.

Unloading 13 unused Assets to reduce memory usage. Loaded Objects now: 2100.
Total: 3.010297 ms (FindLiveObjects: 0.245348 ms CreateObjectMapping: 0.048590 ms MarkObjects: 2.624900 ms  DeleteObjects: 0.090525 ms)

========================================================================
Received Import Request.
  path: Assets/Scenes/images/unity hub.png
  artifactKey: Guid(b113f2f715605465980e08b5d6d65af8) Importer(815301076,1909f56bfc062723c751e8b465ee728b)
Start importing Assets/Scenes/images/unity hub.png using Guid(b113f2f715605465980e08b5d6d65af8) Importer(815301076,1909f56bfc062723c751e8b465ee728b)  -> (artifact id: '279e08573eb8c3bbf799e93a5565a639') in 0.835467 seconds
  Import took 0.838486 seconds .

========================================================================
Received Import Request.
  Time since last request: 1.797589 seconds.
  path: Assets/Scenes/images/unity hub.png
  artifactKey: Guid(b113f2f715605465980e08b5d6d65af8) Importer(815301076,1909f56bfc062723c751e8b465ee728b)
Start importing Assets/Scenes/images/unity hub.png using Guid(b113f2f715605465980e08b5d6d65af8) Importer(815301076,1909f56bfc062723c751e8b465ee728b)  -> (artifact id: '78260baff27c63b5cdb85f7ff8e0a6b8') in 0.057464 seconds
  Import took 0.060588 seconds .

========================================================================
Received Prepare
Registering precompiled user dll's ...
Registered in 0.000852 seconds.
Begin MonoManager ReloadAssembly
Native extension for OSXStandalone target not found
Native extension for WebGL target not found
Refreshing native plugins compatible for Editor in 0.42 ms, found 1 plugins.
Preloading 0 native plugins for Editor in 0.00 ms.
Mono: successfully reloaded assembly
- Completed reload, in  0.969 seconds
Platform modules already initialized, skipping
Refreshing native plugins compatible for Editor in 0.40 ms, found 1 plugins.
Preloading 0 native plugins for Editor in 0.00 ms.
Unloading 1636 Unused Serialized files (Serialized files now loaded: 0)
System memory in use before: 145.1 MB.
System memory in use after: 145.1 MB.

Unloading 6 unused Assets to reduce memory usage. Loaded Objects now: 2111.
Total: 2.636966 ms (FindLiveObjects: 0.225728 ms CreateObjectMapping: 0.042208 ms MarkObjects: 2.318995 ms  DeleteObjects: 0.049281 ms)

========================================================================
Received Import Request.
  Time since last request: 298.070234 seconds.
  path: Assets/Scenes/images/Inspector.png
  artifactKey: Guid(b2c9939973bef409a9c680b9823119fd) Importer(815301076,1909f56bfc062723c751e8b465ee728b)
Start importing Assets/Scenes/images/Inspector.png using Guid(b2c9939973bef409a9c680b9823119fd) Importer(815301076,1909f56bfc062723c751e8b465ee728b)  -> (artifact id: '33eb70daedca85cd2b0ea0f0b9bbef94') in 0.035475 seconds
  Import took 0.038736 seconds .

========================================================================
Received Import Request.
  Time since last request: 0.007664 seconds.
  path: Assets/Scenes/images/Inspector.png
  artifactKey: Guid(b2c9939973bef409a9c680b9823119fd) Importer(815301076,1909f56bfc062723c751e8b465ee728b)
Start importing Assets/Scenes/images/Inspector.png using Guid(b2c9939973bef409a9c680b9823119fd) Importer(815301076,1909f56bfc062723c751e8b465ee728b)  -> (artifact id: '33eb70daedca85cd2b0ea0f0b9bbef94') in 0.008033 seconds
  Import took 0.011106 seconds .

========================================================================
Received Import Request.
  Time since last request: 7.037100 seconds.
  path: Assets/Scenes/images/Inspector.png
  artifactKey: Guid(b2c9939973bef409a9c680b9823119fd) Importer(815301076,1909f56bfc062723c751e8b465ee728b)
Start importing Assets/Scenes/images/Inspector.png using Guid(b2c9939973bef409a9c680b9823119fd) Importer(815301076,1909f56bfc062723c751e8b465ee728b)  -> (artifact id: 'c9656c3f367bda8ceca148574b82ff6d') in 0.025230 seconds
  Import took 0.028814 seconds .

========================================================================
Received Prepare
Registering precompiled user dll's ...
Registered in 0.001036 seconds.
Begin MonoManager ReloadAssembly
Native extension for OSXStandalone target not found
Native extension for WebGL target not found
Refreshing native plugins compatible for Editor in 0.43 ms, found 1 plugins.
Preloading 0 native plugins for Editor in 0.00 ms.
Mono: successfully reloaded assembly
- Completed reload, in  0.964 seconds
Platform modules already initialized, skipping
Refreshing native plugins compatible for Editor in 0.40 ms, found 1 plugins.
Preloading 0 native plugins for Editor in 0.00 ms.
Unloading 1636 Unused Serialized files (Serialized files now loaded: 0)
System memory in use before: 145.4 MB.
System memory in use after: 145.4 MB.

Unloading 6 unused Assets to reduce memory usage. Loaded Objects now: 2118.
Total: 2.465298 ms (FindLiveObjects: 0.229824 ms CreateObjectMapping: 0.048654 ms MarkObjects: 2.144538 ms  DeleteObjects: 0.041240 ms)

========================================================================
Received Prepare
Registering precompiled user dll's ...
Registered in 0.000880 seconds.
Begin MonoManager ReloadAssembly
Native extension for OSXStandalone target not found
Native extension for WebGL target not found
Refreshing native plugins compatible for Editor in 0.41 ms, found 1 plugins.
Preloading 0 native plugins for Editor in 0.00 ms.
Mono: successfully reloaded assembly
- Completed reload, in  0.936 seconds
Platform modules already initialized, skipping
Refreshing native plugins compatible for Editor in 0.40 ms, found 1 plugins.
Preloading 0 native plugins for Editor in 0.00 ms.
Unloading 1636 Unused Serialized files (Serialized files now loaded: 0)
System memory in use before: 145.6 MB.
System memory in use after: 145.7 MB.

Unloading 6 unused Assets to reduce memory usage. Loaded Objects now: 2122.
Total: 2.489732 ms (FindLiveObjects: 0.219920 ms CreateObjectMapping: 0.044325 ms MarkObjects: 2.177611 ms  DeleteObjects: 0.047081 ms)

========================================================================
Received Prepare
Registering precompiled user dll's ...
Registered in 0.000890 seconds.
Begin MonoManager ReloadAssembly
Native extension for OSXStandalone target not found
Native extension for WebGL target not found
Refreshing native plugins compatible for Editor in 0.43 ms, found 1 plugins.
Preloading 0 native plugins for Editor in 0.00 ms.
Mono: successfully reloaded assembly
- Completed reload, in  0.908 seconds
Platform modules already initialized, skipping
Refreshing native plugins compatible for Editor in 0.39 ms, found 1 plugins.
Preloading 0 native plugins for Editor in 0.00 ms.
Unloading 1636 Unused Serialized files (Serialized files now loaded: 0)
System memory in use before: 145.8 MB.
System memory in use after: 145.9 MB.

Unloading 6 unused Assets to reduce memory usage. Loaded Objects now: 2126.
Total: 2.475744 ms (FindLiveObjects: 0.238563 ms CreateObjectMapping: 0.050580 ms MarkObjects: 2.142814 ms  DeleteObjects: 0.042986 ms)

